[debug] [2024-04-28T03:03:27.701Z] ----------------------------------------------------------------------
[debug] [2024-04-28T03:03:27.702Z] Command:       /opt/homebrew/Cellar/node/21.6.1/bin/node /opt/homebrew/bin/firebase init
[debug] [2024-04-28T03:03:27.702Z] CLI Version:   12.4.4
[debug] [2024-04-28T03:03:27.702Z] Platform:      darwin
[debug] [2024-04-28T03:03:27.702Z] Node Version:  v21.6.1
[debug] [2024-04-28T03:03:27.703Z] Time:          Sun Apr 28 2024 08:33:27 GMT+0530 (India Standard Time)
[debug] [2024-04-28T03:03:27.703Z] ----------------------------------------------------------------------
[debug] 
[debug] [2024-04-28T03:03:27.706Z] > command requires scopes: ["email","openid","https://www.googleapis.com/auth/cloudplatformprojects.readonly","https://www.googleapis.com/auth/firebase","https://www.googleapis.com/auth/cloud-platform"]
[debug] [2024-04-28T03:03:27.706Z] > authorizing via signed-in user (hafeezkaipuram@gmail.com)
[info] 
     ######## #### ########  ######## ########     ###     ######  ########
     ##        ##  ##     ## ##       ##     ##  ##   ##  ##       ##
     ######    ##  ########  ######   ########  #########  ######  ######
     ##        ##  ##    ##  ##       ##     ## ##     ##       ## ##
     ##       #### ##     ## ######## ########  ##     ##  ######  ########

You're about to initialize a Firebase project in this directory:

  /Users/hafeezk/Desktop/Scheduler

[info] 
=== Project Setup
[info] 
[info] First, let's associate this project directory with a Firebase project.
[info] You can create multiple project aliases by running firebase use --add, 
[info] but for now we'll just set up a default project.
[info] 
[info] i  If you want to create a project in a Google Cloud organization or folder, please use "firebase projects:create" instead, and return to this command when you've created the project. 
[debug] [2024-04-28T03:04:21.911Z] > refreshing access token with scopes: []
[debug] [2024-04-28T03:04:21.915Z] >>> [apiv2][query] POST https://www.googleapis.com/oauth2/v3/token [none]
[debug] [2024-04-28T03:04:21.915Z] >>> [apiv2][body] POST https://www.googleapis.com/oauth2/v3/token [omitted]
[debug] [2024-04-28T03:04:22.186Z] <<< [apiv2][status] POST https://www.googleapis.com/oauth2/v3/token 400
[debug] [2024-04-28T03:04:22.186Z] <<< [apiv2][body] POST https://www.googleapis.com/oauth2/v3/token [omitted]
[debug] [2024-04-28T03:04:22.187Z] >>> [apiv2][query] POST https://cloudresourcemanager.googleapis.com/v1/projects [none]
[debug] [2024-04-28T03:04:22.187Z] >>> [apiv2][body] POST https://cloudresourcemanager.googleapis.com/v1/projects {"projectId":"scheduler-project","name":"scheduler-project"}
[debug] [2024-04-28T03:04:23.597Z] <<< [apiv2][status] POST https://cloudresourcemanager.googleapis.com/v1/projects 401
[debug] [2024-04-28T03:04:23.598Z] <<< [apiv2][body] POST https://cloudresourcemanager.googleapis.com/v1/projects {"error":{"code":401,"message":"Request had invalid authentication credentials. Expected OAuth 2 access token, login cookie or other valid authentication credential. See https://developers.google.com/identity/sign-in/web/devconsole-project.","status":"UNAUTHENTICATED","details":[{"@type":"type.googleapis.com/google.rpc.ErrorInfo","reason":"ACCESS_TOKEN_TYPE_UNSUPPORTED","metadata":{"method":"google.cloudresourcemanager.v1.Projects.CreateProject","service":"cloudresourcemanager.googleapis.com"}}]}}
[debug] [2024-04-28T03:04:23.815Z] FirebaseError: HTTP Error: 401, Request had invalid authentication credentials. Expected OAuth 2 access token, login cookie or other valid authentication credential. See https://developers.google.com/identity/sign-in/web/devconsole-project.
    at responseToError (/Users/hafeezk/.config/yarn/global/node_modules/firebase-tools/lib/responseToError.js:49:12)
    at RetryOperation._fn (/Users/hafeezk/.config/yarn/global/node_modules/firebase-tools/lib/apiv2.js:289:77)
    at process.processTicksAndRejections (node:internal/process/task_queues:95:5)
[error] 
[error] Error: Failed to create project. See firebase-debug.log for more info.
